<?xml version="1.0" encoding="UTF-8"?>
<component name="org.nuxeo.statistics.repository.computers.test.contrib" version="1.0">

    <extension point="computers" target="org.nuxeo.statistics.service">
    	<computer name="repository" interval="5s" class="org.nuxeo.statistics.repository.impl.ESRepositoryStatisticsComputer" />
    	<computer name="audit" interval="5s" class="org.nuxeo.statistics.repository.impl.ESAuditStatisticsComputer" />
  
    </extension>


  <extension target="org.nuxeo.runtime.metrics.MetricsService" point="configuration">
    <configuration enabled="true">
      <instrument name="jvm" enabled="false" />
      <instrument name="log4j" enabled="false" />
      <instrument name="tomcat" enabled="false" />
      <filter>
        <allow>
          <prefix>nuxeo.statistics.</prefix>
        </allow>
        <deny>
          <prefix>nuxeo.cache</prefix>
          <prefix>nuxeo.directories</prefix>
          <prefix>nuxeo.ActionService</prefix>
          <prefix>org.apache.logging.log4j.core.Appender.debug.count</prefix>
          <prefix>org.apache.logging.log4j.core.Appender.info</prefix>
          <prefix>org.apache.logging.log4j.core.Appender.debug</prefix>
          <prefix>org.apache.logging.log4j.core.Appender.trace</prefix>
          <prefix>org.nuxeo.ecm.core.management.standby.StandbyComponent</prefix>
          <!-- Timer expansion to remove -->
          <expansion>sum</expansion>
          <expansion>p999</expansion>
          <expansion>p99</expansion>
          <expansion>p95</expansion>
          <expansion>m15_rate</expansion>
          <expansion>m5_rate</expansion>
          <expansion>mean_rate</expansion>
        </deny>
      </filter>
    </configuration>
  </extension>

</component>
